  структуры.cpp
C:\Users\чупеп\Desktop\структуры\структуры\структуры.cpp(1,4): error C2014: команда препроцессора не должна начинаться с пробела
D:\C++\Microsoft Visual Studio\VC\Tools\MSVC\14.43.34808\include\sal.h(2361,1): error C2144: синтаксическая ошибка: перед "int" требуется ";"
  (компиляция исходного файла "структуры.cpp")
  
C:\Users\чупеп\Desktop\структуры\структуры\структуры.cpp(1,1): error C4430: отсутствует спецификатор типа - предполагается int. Примечание. C++ не поддерживает int по умолчанию
C:\Users\чупеп\Desktop\структуры\структуры\структуры.cpp(9,12): error C3646: name: неизвестный спецификатор переопределения
C:\Users\чупеп\Desktop\структуры\структуры\структуры.cpp(9,5): error C4430: отсутствует спецификатор типа - предполагается int. Примечание. C++ не поддерживает int по умолчанию
C:\Users\чупеп\Desktop\структуры\структуры\структуры.cpp(20,12): error C3646: name: неизвестный спецификатор переопределения
C:\Users\чупеп\Desktop\структуры\структуры\структуры.cpp(20,5): error C4430: отсутствует спецификатор типа - предполагается int. Примечание. C++ не поддерживает int по умолчанию
C:\Users\чупеп\Desktop\структуры\структуры\структуры.cpp(29,12): error C3646: name: неизвестный спецификатор переопределения
C:\Users\чупеп\Desktop\структуры\структуры\структуры.cpp(29,5): error C4430: отсутствует спецификатор типа - предполагается int. Примечание. C++ не поддерживает int по умолчанию
C:\Users\чупеп\Desktop\структуры\структуры\структуры.cpp(35,5): error C2065: cout: необъявленный идентификатор
C:\Users\чупеп\Desktop\структуры\структуры\структуры.cpp(35,38): error C2065: endl: необъявленный идентификатор
C:\Users\чупеп\Desktop\структуры\структуры\структуры.cpp(36,5): error C2065: cout: необъявленный идентификатор
C:\Users\чупеп\Desktop\структуры\структуры\структуры.cpp(37,5): error C2065: cout: необъявленный идентификатор
C:\Users\чупеп\Desktop\структуры\структуры\структуры.cpp(37,31): error C2039: "name": не является членом "grandFather".
      C:\Users\чупеп\Desktop\структуры\структуры\структуры.cpp(6,8):
       см. объявление "grandFather"
  
C:\Users\чупеп\Desktop\структуры\структуры\структуры.cpp(41,5): error C2065: cout: необъявленный идентификатор
C:\Users\чупеп\Desktop\структуры\структуры\структуры.cpp(41,32): error C2065: endl: необъявленный идентификатор
C:\Users\чупеп\Desktop\структуры\структуры\структуры.cpp(42,5): error C2065: cout: необъявленный идентификатор
C:\Users\чупеп\Desktop\структуры\структуры\структуры.cpp(43,5): error C2065: cout: необъявленный идентификатор
C:\Users\чупеп\Desktop\структуры\структуры\структуры.cpp(44,5): error C2065: cout: необъявленный идентификатор
C:\Users\чупеп\Desktop\структуры\структуры\структуры.cpp(45,5): error C2065: cout: необъявленный идентификатор
C:\Users\чупеп\Desktop\структуры\структуры\структуры.cpp(46,5): error C2065: cout: необъявленный идентификатор
C:\Users\чупеп\Desktop\структуры\структуры\структуры.cpp(47,5): error C2065: cout: необъявленный идентификатор
C:\Users\чупеп\Desktop\структуры\структуры\структуры.cpp(47,40): error C2039: "name": не является членом "date_".
      C:\Users\чупеп\Desktop\структуры\структуры\структуры.cpp(22,8):
       см. объявление "date_"
  
C:\Users\чупеп\Desktop\структуры\структуры\структуры.cpp(51,5): error C2065: cout: необъявленный идентификатор
C:\Users\чупеп\Desktop\структуры\структуры\структуры.cpp(51,55): error C2065: endl: необъявленный идентификатор
C:\Users\чупеп\Desktop\структуры\структуры\структуры.cpp(52,5): error C2065: cout: необъявленный идентификатор
C:\Users\чупеп\Desktop\структуры\структуры\структуры.cpp(53,5): error C2065: cout: необъявленный идентификатор
C:\Users\чупеп\Desktop\структуры\структуры\структуры.cpp(54,5): error C2065: cout: необъявленный идентификатор
C:\Users\чупеп\Desktop\структуры\структуры\структуры.cpp(58,5): error C2065: cout: необъявленный идентификатор
C:\Users\чупеп\Desktop\структуры\структуры\структуры.cpp(58,38): error C2065: endl: необъявленный идентификатор
C:\Users\чупеп\Desktop\структуры\структуры\структуры.cpp(59,5): error C2065: cout: необъявленный идентификатор
C:\Users\чупеп\Desktop\структуры\структуры\структуры.cpp(59,31): error C2039: "name": не является членом "student".
      C:\Users\чупеп\Desktop\структуры\структуры\структуры.cpp(17,8):
       см. объявление "student"
  
C:\Users\чупеп\Desktop\структуры\структуры\структуры.cpp(60,5): error C2065: cout: необъявленный идентификатор
C:\Users\чупеп\Desktop\структуры\структуры\структуры.cpp(61,5): error C2065: cout: необъявленный идентификатор
C:\Users\чупеп\Desktop\структуры\структуры\структуры.cpp(62,5): error C2065: cout: необъявленный идентификатор
C:\Users\чупеп\Desktop\структуры\структуры\структуры.cpp(65,34): error C2061: синтаксическая ошибка: идентификатор "string"
C:\Users\чупеп\Desktop\структуры\структуры\структуры.cpp(67,35): error C2065: name_: необъявленный идентификатор
C:\Users\чупеп\Desktop\структуры\структуры\структуры.cpp(75,74): error C2061: синтаксическая ошибка: идентификатор "string"
C:\Users\чупеп\Desktop\структуры\структуры\структуры.cpp(77,59): error C2065: name_: необъявленный идентификатор
C:\Users\чупеп\Desktop\структуры\структуры\структуры.cpp(80,53): error C2061: синтаксическая ошибка: идентификатор "string"
C:\Users\чупеп\Desktop\структуры\структуры\структуры.cpp(82,46): error C2065: name_: необъявленный идентификатор
C:\Users\чупеп\Desktop\структуры\структуры\структуры.cpp(85,41): error C2061: синтаксическая ошибка: идентификатор "string"
C:\Users\чупеп\Desktop\структуры\структуры\структуры.cpp(87,73): error C2065: name_: необъявленный идентификатор
C:\Users\чупеп\Desktop\структуры\структуры\структуры.cpp(93,15): error C2065: LC_ALL: необъявленный идентификатор
C:\Users\чупеп\Desktop\структуры\структуры\структуры.cpp(93,5): error C3861: setlocale: идентификатор не найден
C:\Users\чупеп\Desktop\структуры\структуры\структуры.cpp(139,9): error C2065: cout: необъявленный идентификатор
C:\Users\чупеп\Desktop\структуры\структуры\структуры.cpp(139,117): error C2065: endl: необъявленный идентификатор
C:\Users\чупеп\Desktop\структуры\структуры\структуры.cpp(147,13): error C2039: "name": не является членом "student".
      C:\Users\чупеп\Desktop\структуры\структуры\структуры.cpp(17,8):
       см. объявление "student"
  
C:\Users\чупеп\Desktop\структуры\структуры\структуры.cpp(148,13): error C2039: "name": не является членом "student".
      C:\Users\чупеп\Desktop\структуры\структуры\структуры.cpp(17,8):
       см. объявление "student"
  
C:\Users\чупеп\Desktop\структуры\структуры\структуры.cpp(149,13): error C2039: "name": не является членом "student".
      C:\Users\чупеп\Desktop\структуры\структуры\структуры.cpp(17,8):
       см. объявление "student"
  
C:\Users\чупеп\Desktop\структуры\структуры\структуры.cpp(150,13): error C2039: "name": не является членом "student".
      C:\Users\чупеп\Desktop\структуры\структуры\структуры.cpp(17,8):
       см. объявление "student"
  
C:\Users\чупеп\Desktop\структуры\структуры\структуры.cpp(164,33): error C2078: слишком много инициализаторов
C:\Users\чупеп\Desktop\структуры\структуры\структуры.cpp(165,5): error C2065: cout: необъявленный идентификатор
C:\Users\чупеп\Desktop\структуры\структуры\структуры.cpp(165,189): error C2039: "name": не является членом "date_".
      C:\Users\чупеп\Desktop\структуры\структуры\структуры.cpp(22,8):
       см. объявление "date_"
  
C:\Users\чупеп\Desktop\структуры\структуры\структуры.cpp(165,197): error C2065: endl: необъявленный идентификатор
C:\Users\чупеп\Desktop\структуры\структуры\структуры.cpp(167,33): error C2078: слишком много инициализаторов
C:\Users\чупеп\Desktop\структуры\структуры\структуры.cpp(174,5): error C2065: cout: необъявленный идентификатор
C:\Users\чупеп\Desktop\структуры\структуры\структуры.cpp(174,13): error C2065: endl: необъявленный идентификатор
C:\Users\чупеп\Desktop\структуры\структуры\структуры.cpp(174,21): error C2065: endl: необъявленный идентификатор
C:\Users\чупеп\Desktop\структуры\структуры\структуры.cpp(175,5): error C2065: cout: необъявленный идентификатор
C:\Users\чупеп\Desktop\структуры\структуры\структуры.cpp(175,100): error C2065: endl: необъявленный идентификатор
C:\Users\чупеп\Desktop\структуры\структуры\структуры.cpp(177,22): error C2660: setGrandPa: функция не принимает 2 аргументов
      C:\Users\чупеп\Desktop\структуры\структуры\структуры.cpp(65,13):
       см. объявление "setGrandPa"
      C:\Users\чупеп\Desktop\структуры\структуры\структуры.cpp(177,22):
      при попытке сопоставить список аргументов "(int, const char [14])"
  
C:\Users\чупеп\Desktop\структуры\структуры\структуры.cpp(179,18): error C2660: setDate: функция не принимает 6 аргументов
      C:\Users\чупеп\Desktop\структуры\структуры\структуры.cpp(75,7):
       см. объявление "setDate"
      C:\Users\чупеп\Desktop\структуры\структуры\структуры.cpp(179,18):
      при попытке сопоставить список аргументов "(int, int, int, int, int, const char [8])"
  
C:\Users\чупеп\Desktop\структуры\структуры\структуры.cpp(180,21): error C2661: setStudent: нет перегруженной функции, принимающей 4 аргументов
      C:\Users\чупеп\Desktop\структуры\структуры\структуры.cpp(180,21):
      при попытке сопоставить список аргументов "(int, int, int, const char [14])"
  
C:\Users\чупеп\Desktop\структуры\структуры\структуры.cpp(181,21): error C2661: setStudent: нет перегруженной функции, принимающей 2 аргументов
      C:\Users\чупеп\Desktop\структуры\структуры\структуры.cpp(181,21):
      при попытке сопоставить список аргументов "(birthDate, const char [14])"
  
C:\Users\чупеп\Desktop\структуры\структуры\структуры.cpp(189,5): error C2065: cout: необъявленный идентификатор
C:\Users\чупеп\Desktop\структуры\структуры\структуры.cpp(189,100): error C2065: endl: необъявленный идентификатор
C:\Users\чупеп\Desktop\структуры\структуры\структуры.cpp(195,5): error C2065: cout: необъявленный идентификатор
C:\Users\чупеп\Desktop\структуры\структуры\структуры.cpp(195,44): error C2065: endl: необъявленный идентификатор
C:\Users\чупеп\Desktop\структуры\структуры\структуры.cpp(196,5): error C2065: cout: необъявленный идентификатор
C:\Users\чупеп\Desktop\структуры\структуры\структуры.cpp(196,44): error C2065: endl: необъявленный идентификатор
C:\Users\чупеп\Desktop\структуры\структуры\структуры.cpp(197,5): error C2065: cout: необъявленный идентификатор
C:\Users\чупеп\Desktop\структуры\структуры\структуры.cpp(197,44): error C2065: endl: необъявленный идентификатор
C:\Users\чупеп\Desktop\структуры\структуры\структуры.cpp(198,5): error C2065: cout: необъявленный идентификатор
C:\Users\чупеп\Desktop\структуры\структуры\структуры.cpp(198,44): error C2065: endl: необъявленный идентификатор
C:\Users\чупеп\Desktop\структуры\структуры\структуры.cpp(199,5): error C2065: cout: необъявленный идентификатор
C:\Users\чупеп\Desktop\структуры\структуры\структуры.cpp(199,48): error C2065: endl: необъявленный идентификатор
C:\Users\чупеп\Desktop\структуры\структуры\структуры.cpp(200,5): error C2065: cout: необъявленный идентификатор
C:\Users\чупеп\Desktop\структуры\структуры\структуры.cpp(200,50): error C2065: endl: необъявленный идентификатор
C:\Users\чупеп\Desktop\структуры\структуры\структуры.cpp(201,5): error C2065: cout: необъявленный идентификатор
C:\Users\чупеп\Desktop\структуры\структуры\структуры.cpp(201,100): error C2065: endl: необъявленный идентификатор
