  дз 8 мая.cpp
C:\Users\чупеп\Desktop\дз 8 мая\дз 8 мая\дз 8 мая.cpp(6,6): warning C4326: возвращаемый тип "main" должен быть "int", а не "void"
C:\Users\чупеп\Desktop\дз 8 мая\дз 8 мая\дз 8 мая.cpp(218,11): warning C4244: аргумент: преобразование "time_t" в "unsigned int", возможна потеря данных
C:\Users\чупеп\Desktop\дз 8 мая\дз 8 мая\дз 8 мая.cpp(222,5): error C2065: cout: необъявленный идентификатор
C:\Users\чупеп\Desktop\дз 8 мая\дз 8 мая\дз 8 мая.cpp(223,5): error C2065: cout: необъявленный идентификатор
C:\Users\чупеп\Desktop\дз 8 мая\дз 8 мая\дз 8 мая.cpp(224,5): error C2065: cout: необъявленный идентификатор
C:\Users\чупеп\Desktop\дз 8 мая\дз 8 мая\дз 8 мая.cpp(225,5): error C2065: cout: необъявленный идентификатор
C:\Users\чупеп\Desktop\дз 8 мая\дз 8 мая\дз 8 мая.cpp(226,5): error C2065: cin: необъявленный идентификатор
C:\Users\чупеп\Desktop\дз 8 мая\дз 8 мая\дз 8 мая.cpp(232,13): error C2065: cout: необъявленный идентификатор
C:\Users\чупеп\Desktop\дз 8 мая\дз 8 мая\дз 8 мая.cpp(234,13): error C2065: cout: необъявленный идентификатор
C:\Users\чупеп\Desktop\дз 8 мая\дз 8 мая\дз 8 мая.cpp(238,13): error C2065: cout: необъявленный идентификатор
C:\Users\чупеп\Desktop\дз 8 мая\дз 8 мая\дз 8 мая.cpp(239,13): error C2065: cout: необъявленный идентификатор
C:\Users\чупеп\Desktop\дз 8 мая\дз 8 мая\дз 8 мая.cpp(243,17): error C2065: cout: необъявленный идентификатор
C:\Users\чупеп\Desktop\дз 8 мая\дз 8 мая\дз 8 мая.cpp(244,17): error C2065: cout: необъявленный идентификатор
C:\Users\чупеп\Desktop\дз 8 мая\дз 8 мая\дз 8 мая.cpp(245,17): error C2065: cout: необъявленный идентификатор
C:\Users\чупеп\Desktop\дз 8 мая\дз 8 мая\дз 8 мая.cpp(246,17): error C2065: cout: необъявленный идентификатор
C:\Users\чупеп\Desktop\дз 8 мая\дз 8 мая\дз 8 мая.cpp(247,17): error C2065: cout: необъявленный идентификатор
C:\Users\чупеп\Desktop\дз 8 мая\дз 8 мая\дз 8 мая.cpp(248,17): error C2065: cout: необъявленный идентификатор
C:\Users\чупеп\Desktop\дз 8 мая\дз 8 мая\дз 8 мая.cpp(249,17): error C2065: cout: необъявленный идентификатор
C:\Users\чупеп\Desktop\дз 8 мая\дз 8 мая\дз 8 мая.cpp(254,17): error C2065: cout: необъявленный идентификатор
C:\Users\чупеп\Desktop\дз 8 мая\дз 8 мая\дз 8 мая.cpp(255,17): error C2065: cout: необъявленный идентификатор
C:\Users\чупеп\Desktop\дз 8 мая\дз 8 мая\дз 8 мая.cpp(256,17): error C2065: cout: необъявленный идентификатор
C:\Users\чупеп\Desktop\дз 8 мая\дз 8 мая\дз 8 мая.cpp(257,17): error C2065: cout: необъявленный идентификатор
C:\Users\чупеп\Desktop\дз 8 мая\дз 8 мая\дз 8 мая.cpp(258,17): error C2065: cout: необъявленный идентификатор
C:\Users\чупеп\Desktop\дз 8 мая\дз 8 мая\дз 8 мая.cpp(259,17): error C2065: cout: необъявленный идентификатор
C:\Users\чупеп\Desktop\дз 8 мая\дз 8 мая\дз 8 мая.cpp(260,17): error C2065: cout: необъявленный идентификатор
C:\Users\чупеп\Desktop\дз 8 мая\дз 8 мая\дз 8 мая.cpp(265,17): error C2065: cout: необъявленный идентификатор
C:\Users\чупеп\Desktop\дз 8 мая\дз 8 мая\дз 8 мая.cpp(266,17): error C2065: cout: необъявленный идентификатор
C:\Users\чупеп\Desktop\дз 8 мая\дз 8 мая\дз 8 мая.cpp(267,17): error C2065: cout: необъявленный идентификатор
C:\Users\чупеп\Desktop\дз 8 мая\дз 8 мая\дз 8 мая.cpp(268,17): error C2065: cout: необъявленный идентификатор
C:\Users\чупеп\Desktop\дз 8 мая\дз 8 мая\дз 8 мая.cpp(269,17): error C2065: cout: необъявленный идентификатор
C:\Users\чупеп\Desktop\дз 8 мая\дз 8 мая\дз 8 мая.cpp(270,17): error C2065: cout: необъявленный идентификатор
C:\Users\чупеп\Desktop\дз 8 мая\дз 8 мая\дз 8 мая.cpp(271,17): error C2065: cout: необъявленный идентификатор
C:\Users\чупеп\Desktop\дз 8 мая\дз 8 мая\дз 8 мая.cpp(276,17): error C2065: cout: необъявленный идентификатор
C:\Users\чупеп\Desktop\дз 8 мая\дз 8 мая\дз 8 мая.cpp(277,17): error C2065: cout: необъявленный идентификатор
C:\Users\чупеп\Desktop\дз 8 мая\дз 8 мая\дз 8 мая.cpp(278,17): error C2065: cout: необъявленный идентификатор
C:\Users\чупеп\Desktop\дз 8 мая\дз 8 мая\дз 8 мая.cpp(279,17): error C2065: cout: необъявленный идентификатор
C:\Users\чупеп\Desktop\дз 8 мая\дз 8 мая\дз 8 мая.cpp(280,17): error C2065: cout: необъявленный идентификатор
C:\Users\чупеп\Desktop\дз 8 мая\дз 8 мая\дз 8 мая.cpp(281,17): error C2065: cout: необъявленный идентификатор
C:\Users\чупеп\Desktop\дз 8 мая\дз 8 мая\дз 8 мая.cpp(282,17): error C2065: cout: необъявленный идентификатор
C:\Users\чупеп\Desktop\дз 8 мая\дз 8 мая\дз 8 мая.cpp(287,17): error C2065: cout: необъявленный идентификатор
C:\Users\чупеп\Desktop\дз 8 мая\дз 8 мая\дз 8 мая.cpp(288,17): error C2065: cout: необъявленный идентификатор
C:\Users\чупеп\Desktop\дз 8 мая\дз 8 мая\дз 8 мая.cpp(289,17): error C2065: cout: необъявленный идентификатор
C:\Users\чупеп\Desktop\дз 8 мая\дз 8 мая\дз 8 мая.cpp(290,17): error C2065: cout: необъявленный идентификатор
C:\Users\чупеп\Desktop\дз 8 мая\дз 8 мая\дз 8 мая.cpp(291,17): error C2065: cout: необъявленный идентификатор
C:\Users\чупеп\Desktop\дз 8 мая\дз 8 мая\дз 8 мая.cpp(292,17): error C2065: cout: необъявленный идентификатор
C:\Users\чупеп\Desktop\дз 8 мая\дз 8 мая\дз 8 мая.cpp(293,17): error C2065: cout: необъявленный идентификатор
C:\Users\чупеп\Desktop\дз 8 мая\дз 8 мая\дз 8 мая.cpp(298,17): error C2065: cout: необъявленный идентификатор
C:\Users\чупеп\Desktop\дз 8 мая\дз 8 мая\дз 8 мая.cpp(299,17): error C2065: cout: необъявленный идентификатор
C:\Users\чупеп\Desktop\дз 8 мая\дз 8 мая\дз 8 мая.cpp(300,17): error C2065: cout: необъявленный идентификатор
C:\Users\чупеп\Desktop\дз 8 мая\дз 8 мая\дз 8 мая.cpp(301,17): error C2065: cout: необъявленный идентификатор
C:\Users\чупеп\Desktop\дз 8 мая\дз 8 мая\дз 8 мая.cpp(302,17): error C2065: cout: необъявленный идентификатор
C:\Users\чупеп\Desktop\дз 8 мая\дз 8 мая\дз 8 мая.cpp(303,17): error C2065: cout: необъявленный идентификатор
C:\Users\чупеп\Desktop\дз 8 мая\дз 8 мая\дз 8 мая.cpp(304,17): error C2065: cout: необъявленный идентификатор
C:\Users\чупеп\Desktop\дз 8 мая\дз 8 мая\дз 8 мая.cpp(308,13): error C2065: cout: необъявленный идентификатор
C:\Users\чупеп\Desktop\дз 8 мая\дз 8 мая\дз 8 мая.cpp(312,13): error C2065: cout: необъявленный идентификатор
C:\Users\чупеп\Desktop\дз 8 мая\дз 8 мая\дз 8 мая.cpp(313,13): error C2065: cout: необъявленный идентификатор
C:\Users\чупеп\Desktop\дз 8 мая\дз 8 мая\дз 8 мая.cpp(317,17): error C2065: cout: необъявленный идентификатор
C:\Users\чупеп\Desktop\дз 8 мая\дз 8 мая\дз 8 мая.cpp(318,17): error C2065: cout: необъявленный идентификатор
C:\Users\чупеп\Desktop\дз 8 мая\дз 8 мая\дз 8 мая.cpp(319,17): error C2065: cout: необъявленный идентификатор
C:\Users\чупеп\Desktop\дз 8 мая\дз 8 мая\дз 8 мая.cpp(320,17): error C2065: cout: необъявленный идентификатор
C:\Users\чупеп\Desktop\дз 8 мая\дз 8 мая\дз 8 мая.cpp(321,17): error C2065: cout: необъявленный идентификатор
C:\Users\чупеп\Desktop\дз 8 мая\дз 8 мая\дз 8 мая.cpp(322,17): error C2065: cout: необъявленный идентификатор
C:\Users\чупеп\Desktop\дз 8 мая\дз 8 мая\дз 8 мая.cpp(323,17): error C2065: cout: необъявленный идентификатор
C:\Users\чупеп\Desktop\дз 8 мая\дз 8 мая\дз 8 мая.cpp(328,17): error C2065: cout: необъявленный идентификатор
C:\Users\чупеп\Desktop\дз 8 мая\дз 8 мая\дз 8 мая.cpp(329,17): error C2065: cout: необъявленный идентификатор
C:\Users\чупеп\Desktop\дз 8 мая\дз 8 мая\дз 8 мая.cpp(330,17): error C2065: cout: необъявленный идентификатор
C:\Users\чупеп\Desktop\дз 8 мая\дз 8 мая\дз 8 мая.cpp(331,17): error C2065: cout: необъявленный идентификатор
C:\Users\чупеп\Desktop\дз 8 мая\дз 8 мая\дз 8 мая.cpp(332,17): error C2065: cout: необъявленный идентификатор
C:\Users\чупеп\Desktop\дз 8 мая\дз 8 мая\дз 8 мая.cpp(333,17): error C2065: cout: необъявленный идентификатор
C:\Users\чупеп\Desktop\дз 8 мая\дз 8 мая\дз 8 мая.cpp(334,17): error C2065: cout: необъявленный идентификатор
C:\Users\чупеп\Desktop\дз 8 мая\дз 8 мая\дз 8 мая.cpp(339,17): error C2065: cout: необъявленный идентификатор
C:\Users\чупеп\Desktop\дз 8 мая\дз 8 мая\дз 8 мая.cpp(340,17): error C2065: cout: необъявленный идентификатор
C:\Users\чупеп\Desktop\дз 8 мая\дз 8 мая\дз 8 мая.cpp(341,17): error C2065: cout: необъявленный идентификатор
C:\Users\чупеп\Desktop\дз 8 мая\дз 8 мая\дз 8 мая.cpp(342,17): error C2065: cout: необъявленный идентификатор
C:\Users\чупеп\Desktop\дз 8 мая\дз 8 мая\дз 8 мая.cpp(343,17): error C2065: cout: необъявленный идентификатор
C:\Users\чупеп\Desktop\дз 8 мая\дз 8 мая\дз 8 мая.cpp(344,17): error C2065: cout: необъявленный идентификатор
C:\Users\чупеп\Desktop\дз 8 мая\дз 8 мая\дз 8 мая.cpp(345,17): error C2065: cout: необъявленный идентификатор
C:\Users\чупеп\Desktop\дз 8 мая\дз 8 мая\дз 8 мая.cpp(350,17): error C2065: cout: необъявленный идентификатор
C:\Users\чупеп\Desktop\дз 8 мая\дз 8 мая\дз 8 мая.cpp(351,17): error C2065: cout: необъявленный идентификатор
C:\Users\чупеп\Desktop\дз 8 мая\дз 8 мая\дз 8 мая.cpp(352,17): error C2065: cout: необъявленный идентификатор
C:\Users\чупеп\Desktop\дз 8 мая\дз 8 мая\дз 8 мая.cpp(353,17): error C2065: cout: необъявленный идентификатор
C:\Users\чупеп\Desktop\дз 8 мая\дз 8 мая\дз 8 мая.cpp(354,17): error C2065: cout: необъявленный идентификатор
C:\Users\чупеп\Desktop\дз 8 мая\дз 8 мая\дз 8 мая.cpp(355,17): error C2065: cout: необъявленный идентификатор
C:\Users\чупеп\Desktop\дз 8 мая\дз 8 мая\дз 8 мая.cpp(356,17): error C2065: cout: необъявленный идентификатор
C:\Users\чупеп\Desktop\дз 8 мая\дз 8 мая\дз 8 мая.cpp(361,17): error C2065: cout: необъявленный идентификатор
C:\Users\чупеп\Desktop\дз 8 мая\дз 8 мая\дз 8 мая.cpp(362,17): error C2065: cout: необъявленный идентификатор
C:\Users\чупеп\Desktop\дз 8 мая\дз 8 мая\дз 8 мая.cpp(363,17): error C2065: cout: необъявленный идентификатор
C:\Users\чупеп\Desktop\дз 8 мая\дз 8 мая\дз 8 мая.cpp(364,17): error C2065: cout: необъявленный идентификатор
C:\Users\чупеп\Desktop\дз 8 мая\дз 8 мая\дз 8 мая.cpp(365,17): error C2065: cout: необъявленный идентификатор
C:\Users\чупеп\Desktop\дз 8 мая\дз 8 мая\дз 8 мая.cpp(366,17): error C2065: cout: необъявленный идентификатор
C:\Users\чупеп\Desktop\дз 8 мая\дз 8 мая\дз 8 мая.cpp(367,17): error C2065: cout: необъявленный идентификатор
C:\Users\чупеп\Desktop\дз 8 мая\дз 8 мая\дз 8 мая.cpp(372,17): error C2065: cout: необъявленный идентификатор
C:\Users\чупеп\Desktop\дз 8 мая\дз 8 мая\дз 8 мая.cpp(373,17): error C2065: cout: необъявленный идентификатор
C:\Users\чупеп\Desktop\дз 8 мая\дз 8 мая\дз 8 мая.cpp(374,17): error C2065: cout: необъявленный идентификатор
C:\Users\чупеп\Desktop\дз 8 мая\дз 8 мая\дз 8 мая.cpp(375,17): error C2065: cout: необъявленный идентификатор
C:\Users\чупеп\Desktop\дз 8 мая\дз 8 мая\дз 8 мая.cpp(376,17): error C2065: cout: необъявленный идентификатор
C:\Users\чупеп\Desktop\дз 8 мая\дз 8 мая\дз 8 мая.cpp(377,17): error C2065: cout: необъявленный идентификатор
C:\Users\чупеп\Desktop\дз 8 мая\дз 8 мая\дз 8 мая.cpp(378,17): error C2065: cout: необъявленный идентификатор
C:\Users\чупеп\Desktop\дз 8 мая\дз 8 мая\дз 8 мая.cpp(384,17): error C2065: cout: необъявленный идентификатор
C:\Users\чупеп\Desktop\дз 8 мая\дз 8 мая\дз 8 мая.cpp(389,5): error C2065: cout: необъявленный идентификатор
C:\Users\чупеп\Desktop\дз 8 мая\дз 8 мая\дз 8 мая.cpp(393,9): error C2065: cout: необъявленный идентификатор
C:\Users\чупеп\Desktop\дз 8 мая\дз 8 мая\дз 8 мая.cpp(393,14): warning C4554: "<<": проверьте приоритет операторов на ошибки; для уточнения приоритета используйте скобки
C:\Users\чупеп\Desktop\дз 8 мая\дз 8 мая\дз 8 мая.cpp(394,9): error C2065: cout: необъявленный идентификатор
C:\Users\чупеп\Desktop\дз 8 мая\дз 8 мая\дз 8 мая.cpp(397,13): error C2065: cout: необъявленный идентификатор
C:\Users\чупеп\Desktop\дз 8 мая\дз 8 мая\дз 8 мая.cpp(397,13): error C1003: число ошибок превышает 100; остановка компиляции
